<?xml version="1.0" encoding="UTF-8"?>
<!-- Generated by org.testng.reporters.JUnitXMLReporter -->
<testsuite ignored="0" hostname="DESKTOP-SDCCQQ7" failures="1" tests="2" name="Surefire test" time="54.778" errors="0" timestamp="2020-07-18T02:19:11 GMT+04:00">
  <testcase classname="by.ittechno.tests.LoginTest" name="loginTest" time="1.476">
    <failure type="java.lang.AssertionError" message="did not expect to find [true] but found [false]">
      <![CDATA[java.lang.AssertionError: did not expect to find [true] but found [false]
at by.ittechno.tests.LoginTest.loginTest(LoginTest.java:11)
at java.base/java.util.ArrayList.forEach(ArrayList.java:1511)
... Removed 35 stack frames]]>
    </failure>
  </testcase> <!-- loginTest -->
  <testcase classname="by.ittechno.tests.OpenCartTest" name="openCart" time="29.246"/>
</testsuite> <!-- Surefire test -->
