<?xml version="1.0" encoding="UTF-8"?>
<testng-results ignored="0" total="2" passed="1" failed="1" skipped="0">
  <reporter-output>
  </reporter-output>
  <suite started-at="2020-07-18T02:18:16 GMT+04:00" name="Surefire suite" finished-at="2020-07-18T02:19:11 GMT+04:00" duration-ms="54778">
    <groups>
    </groups>
    <test started-at="2020-07-18T02:18:16 GMT+04:00" name="Surefire test" finished-at="2020-07-18T02:19:11 GMT+04:00" duration-ms="54778">
      <class name="by.ittechno.tests.OpenCartTest">
        <test-method is-config="true" signature="startBrowser()[pri:0, instance:by.ittechno.tests.OpenCartTest@3e792ce3]" started-at="2020-07-18T02:18:31 GMT+04:00" name="startBrowser" description="Start browser" finished-at="2020-07-18T02:18:41 GMT+04:00" duration-ms="9693" status="PASS">
          <reporter-output>
          </reporter-output>
        </test-method> <!-- startBrowser -->
        <test-method signature="openCart()[pri:0, instance:by.ittechno.tests.OpenCartTest@3e792ce3]" started-at="2020-07-18T02:18:41 GMT+04:00" name="openCart" finished-at="2020-07-18T02:19:10 GMT+04:00" duration-ms="29246" status="PASS">
          <reporter-output>
          </reporter-output>
        </test-method> <!-- openCart -->
        <test-method is-config="true" signature="stopBrowser()[pri:0, instance:by.ittechno.tests.OpenCartTest@3e792ce3]" started-at="2020-07-18T02:19:10 GMT+04:00" name="stopBrowser" finished-at="2020-07-18T02:19:11 GMT+04:00" duration-ms="749" status="PASS">
          <reporter-output>
          </reporter-output>
        </test-method> <!-- stopBrowser -->
      </class> <!-- by.ittechno.tests.OpenCartTest -->
      <class name="by.ittechno.tests.LoginTest">
        <test-method is-config="true" signature="startBrowser()[pri:0, instance:by.ittechno.tests.LoginTest@7bfc3126]" started-at="2020-07-18T02:18:16 GMT+04:00" name="startBrowser" description="Start browser" finished-at="2020-07-18T02:18:28 GMT+04:00" duration-ms="11990" status="PASS">
          <reporter-output>
          </reporter-output>
        </test-method> <!-- startBrowser -->
        <test-method signature="loginTest()[pri:0, instance:by.ittechno.tests.LoginTest@7bfc3126]" started-at="2020-07-18T02:18:28 GMT+04:00" name="loginTest" finished-at="2020-07-18T02:18:30 GMT+04:00" duration-ms="1476" status="FAIL">
          <exception class="java.lang.AssertionError">
            <message>
              <![CDATA[did not expect to find [true] but found [false]]]>
            </message>
            <full-stacktrace>
              <![CDATA[java.lang.AssertionError: did not expect to find [true] but found [false]
at org.testng.Assert.fail(Assert.java:97)
at org.testng.Assert.failNotEquals(Assert.java:969)
at org.testng.Assert.assertTrue(Assert.java:43)
at org.testng.Assert.assertTrue(Assert.java:53)
at by.ittechno.tests.LoginTest.loginTest(LoginTest.java:11)
at java.base/jdk.internal.reflect.NativeMethodAccessorImpl.invoke0(Native Method)
at java.base/jdk.internal.reflect.NativeMethodAccessorImpl.invoke(NativeMethodAccessorImpl.java:62)
at java.base/jdk.internal.reflect.DelegatingMethodAccessorImpl.invoke(DelegatingMethodAccessorImpl.java:43)
at java.base/java.lang.reflect.Method.invoke(Method.java:564)
at org.testng.internal.MethodInvocationHelper.invokeMethod(MethodInvocationHelper.java:133)
at org.testng.internal.TestInvoker.invokeMethod(TestInvoker.java:584)
at org.testng.internal.TestInvoker.invokeTestMethod(TestInvoker.java:172)
at org.testng.internal.MethodRunner.runInSequence(MethodRunner.java:46)
at org.testng.internal.TestInvoker$MethodInvocationAgent.invoke(TestInvoker.java:804)
at org.testng.internal.TestInvoker.invokeTestMethods(TestInvoker.java:145)
at org.testng.internal.TestMethodWorker.invokeTestMethods(TestMethodWorker.java:146)
at org.testng.internal.TestMethodWorker.run(TestMethodWorker.java:128)
at java.base/java.util.ArrayList.forEach(ArrayList.java:1511)
at org.testng.TestRunner.privateRun(TestRunner.java:770)
at org.testng.TestRunner.run(TestRunner.java:591)
at org.testng.SuiteRunner.runTest(SuiteRunner.java:402)
at org.testng.SuiteRunner.runSequentially(SuiteRunner.java:396)
at org.testng.SuiteRunner.privateRun(SuiteRunner.java:355)
at org.testng.SuiteRunner.run(SuiteRunner.java:304)
at org.testng.SuiteRunnerWorker.runSuite(SuiteRunnerWorker.java:53)
at org.testng.SuiteRunnerWorker.run(SuiteRunnerWorker.java:96)
at org.testng.TestNG.runSuitesSequentially(TestNG.java:1180)
at org.testng.TestNG.runSuitesLocally(TestNG.java:1102)
at org.testng.TestNG.runSuites(TestNG.java:1032)
at org.testng.TestNG.run(TestNG.java:1000)
at org.apache.maven.surefire.testng.TestNGExecutor.run(TestNGExecutor.java:135)
at org.apache.maven.surefire.testng.TestNGDirectoryTestSuite.executeMulti(TestNGDirectoryTestSuite.java:193)
at org.apache.maven.surefire.testng.TestNGDirectoryTestSuite.execute(TestNGDirectoryTestSuite.java:94)
at org.apache.maven.surefire.testng.TestNGProvider.invoke(TestNGProvider.java:146)
at org.apache.maven.surefire.booter.ForkedBooter.invokeProviderInSameClassLoader(ForkedBooter.java:386)
at org.apache.maven.surefire.booter.ForkedBooter.runSuitesInProcess(ForkedBooter.java:323)
at org.apache.maven.surefire.booter.ForkedBooter.main(ForkedBooter.java:143)
]]>
            </full-stacktrace>
          </exception> <!-- java.lang.AssertionError -->
          <reporter-output>
          </reporter-output>
        </test-method> <!-- loginTest -->
        <test-method is-config="true" signature="stopBrowser()[pri:0, instance:by.ittechno.tests.LoginTest@7bfc3126]" started-at="2020-07-18T02:18:30 GMT+04:00" name="stopBrowser" finished-at="2020-07-18T02:18:31 GMT+04:00" duration-ms="1302" status="PASS">
          <reporter-output>
          </reporter-output>
        </test-method> <!-- stopBrowser -->
      </class> <!-- by.ittechno.tests.LoginTest -->
    </test> <!-- Surefire test -->
  </suite> <!-- Surefire suite -->
</testng-results>
